接受到的数据为：AABB00e37f9f27f33fc7b8f752ee47094eabcchnzf445566|556639|56788zfjyBBAA		2018-12-19 16:50:38
接收用户发送信息时异常，原因  -------->  远程主机强迫关闭了一个现有的连接。		2018-12-19 16:52:02
接收用户发送信息时异常，原因  -------->  远程主机强迫关闭了一个现有的连接。		2018-12-19 16:52:03
接收用户发送信息时异常，原因  -------->  远程主机强迫关闭了一个现有的连接。		2018-12-19 16:52:04
接收用户发送信息时异常，原因  -------->  远程主机强迫关闭了一个现有的连接。		2018-12-19 16:52:05
接收用户发送信息时异常，原因  -------->  远程主机强迫关闭了一个现有的连接。		2018-12-19 16:52:06
接收用户发送信息时异常，原因  -------->  远程主机强迫关闭了一个现有的连接。		2018-12-19 16:52:07
接收用户发送信息时异常，原因  -------->  远程主机强迫关闭了一个现有的连接。		2018-12-19 16:52:08
接收用户发送信息时异常，原因  -------->  远程主机强迫关闭了一个现有的连接。		2018-12-19 16:52:09
接收用户发送信息时异常，原因  -------->  远程主机强迫关闭了一个现有的连接。		2018-12-19 16:52:10
接收用户发送信息时异常，原因  -------->  远程主机强迫关闭了一个现有的连接。		2018-12-19 16:52:11
接收用户发送信息时异常，原因  -------->  远程主机强迫关闭了一个现有的连接。		2018-12-19 16:52:12
接收用户发送信息时异常，原因  -------->  远程主机强迫关闭了一个现有的连接。		2018-12-19 16:52:13
接收用户发送信息时异常，原因  -------->  远程主机强迫关闭了一个现有的连接。		2018-12-19 16:52:14
接收用户发送信息时异常，原因  -------->  远程主机强迫关闭了一个现有的连接。		2018-12-19 16:52:15
接收用户发送信息时异常，原因  -------->  远程主机强迫关闭了一个现有的连接。		2018-12-19 16:52:16
接收用户发送信息时异常，原因  -------->  远程主机强迫关闭了一个现有的连接。		2018-12-19 16:52:17
接收用户发送信息时异常，原因  -------->  远程主机强迫关闭了一个现有的连接。		2018-12-19 16:52:18
接收用户发送信息时异常，原因  -------->  远程主机强迫关闭了一个现有的连接。		2018-12-19 16:52:19
接收用户发送信息时异常，原因  -------->  远程主机强迫关闭了一个现有的连接。		2018-12-19 16:52:20
接收用户发送信息时异常，原因  -------->  远程主机强迫关闭了一个现有的连接。		2018-12-19 16:52:21
接收用户发送信息时异常，原因  -------->  远程主机强迫关闭了一个现有的连接。		2018-12-19 16:52:22
接收用户发送信息时异常，原因  -------->  远程主机强迫关闭了一个现有的连接。		2018-12-19 16:52:23
接收用户发送信息时异常，原因  -------->  远程主机强迫关闭了一个现有的连接。		2018-12-19 16:52:24
接收用户发送信息时异常，原因  -------->  远程主机强迫关闭了一个现有的连接。		2018-12-19 16:52:25
接收用户发送信息时异常，原因  -------->  远程主机强迫关闭了一个现有的连接。		2018-12-19 16:52:26
接收用户发送信息时异常，原因  -------->  远程主机强迫关闭了一个现有的连接。		2018-12-19 16:52:27
接收用户发送信息时异常，原因  -------->  远程主机强迫关闭了一个现有的连接。		2018-12-19 16:52:28
接收用户发送信息时异常，原因  -------->  远程主机强迫关闭了一个现有的连接。		2018-12-19 16:52:29
socket选择器注册出现错误：null		2018-12-19 17:00:04
接受到的数据为：AABB00e37f9f27f33fc7b8f752ee47094eabcchnzf445566|556639|56788zfjyBBAA		2018-12-19 17:00:59
接收用户发送信息时异常，原因  -------->  远程主机强迫关闭了一个现有的连接。		2018-12-19 17:01:54
接受到的数据为：AABB00e37f9f27f33fc7b8f752ee47094eabcchnzf445566|556639|56788zfjyBBAA		2018-12-19 17:39:00
接收用户发送信息时异常，原因  -------->  远程主机强迫关闭了一个现有的连接。		2018-12-19 17:42:11
查询zf_recharge_detail语句时(可能出现json的错误)出现错误：JSONObject["trade_no"] not found.,错误代码：0		2018-12-19 17:43:37
接受到的数据为：AABB00e37f9f27f33fc7b8f752ee47094eabcchnzf445566|556639|56788zfjyBBAA		2018-12-19 17:43:37
接受到的数据为：AABB00e37f9f27f33fc7b8f752ee47094eabcchnzf445566|556639|56788zfjyBBAA		2018-12-19 17:51:56
接收用户发送信息时异常，原因  -------->  远程主机强迫关闭了一个现有的连接。		2018-12-19 17:57:43
接受到的数据为：AABB00e37f9f27f33fc7b8f752ee47094eabcchnzf445566|556639|56788zfjyBBAA		2018-12-19 18:19:47
接受到的数据为：AABB01c6d275ffdab3fd637eca160df861ca5chnzf[{error_code:0,msg:"445566|56788|1111111|0.02"},{error_code:0,msg:"556639|56788|60"}]zfjyBBAA		2018-12-19 18:23:38
