获取餐卡连接数据库对象错误：Access denied for user 'weihu'@'localhost' (using password: YES)		2018-12-24 10:57:31
获取餐卡连接数据库对象错误：Access denied for user 'weihu'@'localhost' (using password: YES)		2018-12-24 10:57:31
接受到的数据为：AABB000ba8d38af23bebfc045f831251cc757dhnzf0|0|56788zfjyBBAA		2018-12-24 10:57:31
接受到的数据为：AABB000ba8d38af23bebfc045f831251cc757dhnzf0|0|56788zfjyBBAA		2018-12-24 10:59:31
接收用户发送信息时异常，原因  -------->  远程主机强迫关闭了一个现有的连接。		2018-12-24 11:01:01
接收用户发送信息时异常，原因  -------->  远程主机强迫关闭了一个现有的连接。		2018-12-24 11:01:01
查询zf_recharge_detail语句时(可能出现json的错误)出现错误：JSONObject["trade_no"] not found.,错误代码：0		2018-12-24 11:04:09
接受到的数据为：AABB0036644bcebce7f935556f242c768159c6hnzf123456|123456|56788zfjyBBAA		2018-12-24 11:04:09
接受到的数据为：AABB011f614c11ee32ad9e6403c61126351924hnzf[{error_code:103,msg:"|||35.6"},{error_code:0,msg:"123456|56788|12"}]zfjyBBAA		2018-12-24 11:04:11
接收用户发送信息时异常，原因  -------->  远程主机强迫关闭了一个现有的连接。		2018-12-24 11:04:25
接受到的数据为：AABB0036644bcebce7f935556f242c768159c6hnzf123456|123456|56788zfjyBBAA		2018-12-24 11:08:34
接受到的数据为：AABB01c78c7222dfdf2273e55a52afae6201cbhnzf[{error_code:0,msg:"123456|56788|2018111543302704908|185.6"},{error_code:102,msg:"||12"}]zfjyBBAA		2018-12-24 11:08:36
接受到的数据为：AABB0036644bcebce7f935556f242c768159c6hnzf123456|123456|56788zfjyBBAA		2018-12-24 11:09:47
接收用户发送信息时异常，原因  -------->  远程主机强迫关闭了一个现有的连接。		2018-12-24 11:09:48
接收用户发送信息时异常，原因  -------->  远程主机强迫关闭了一个现有的连接。		2018-12-24 11:09:48
接收用户发送信息时异常，原因  -------->  远程主机强迫关闭了一个现有的连接。		2018-12-24 11:09:48
接收用户发送信息时异常，原因  -------->  远程主机强迫关闭了一个现有的连接。		2018-12-24 11:09:48
接受到的数据为：AABB0036644bcebce7f935556f242c768159c6hnzf123456|123456|56788zfjyBBAA		2018-12-24 11:53:23
接受到的数据为：AABB01a442e75d3e096d7f61e8b0fdac705118hnzf[{error_code:0,msg:"123456|56788|2018111543302704908|185.6"},{error_code:102,msg:"||185.6"}]zfjyBBAA		2018-12-24 11:53:25
接收用户发送信息时异常，原因  -------->  远程主机强迫关闭了一个现有的连接。		2018-12-24 11:53:39
接收用户发送信息时异常，原因  -------->  远程主机强迫关闭了一个现有的连接。		2018-12-24 11:54:20
接受到的数据为：AABB0085978228df820c02b77b287dbed6acachnzf123456|0|56788zfjyBBAA		2018-12-24 11:59:38
接收用户发送信息时异常，原因  -------->  远程主机强迫关闭了一个现有的连接。		2018-12-24 11:59:54
