接受到的数据为：AABB006bf9e50668662a03525c270d8824aa5bhnzf00|123456|56788zfjyBBAA		2018-12-21 12:49:15
socket选择器注册出现错误：null		2018-12-21 12:49:51
接受到的数据为：AABB01e5223c450cb838199e54081e5716ca9bhnzf[{error_code:404,msg:"|||0"},{error_code:404,msg:"||2560"}]zfjyBBAA		2018-12-21 12:50:55
接受到的数据为：AABB006bf9e50668662a03525c270d8824aa5bhnzf00|123456|56788zfjyBBAA		2018-12-21 12:51:03
接受到的数据为：AABB01e5223c450cb838199e54081e5716ca9bhnzf[{error_code:404,msg:"|||0"},{error_code:404,msg:"||2560"}]zfjyBBAA		2018-12-21 12:51:05
接受到的数据为：AABB006bf9e50668662a03525c270d8824aa5bhnzf00|123456|56788zfjyBBAA		2018-12-21 12:51:12
接受到的数据为：AABB01e5223c450cb838199e54081e5716ca9bhnzf[{error_code:404,msg:"|||0"},{error_code:404,msg:"||2560"}]zfjyBBAA		2018-12-21 12:51:14
接受到的数据为：AABB006bf9e50668662a03525c270d8824aa5bhnzf00|123456|56788zfjyBBAA		2018-12-21 12:51:21
接受到的数据为：AABB01e5223c450cb838199e54081e5716ca9bhnzf[{error_code:404,msg:"|||0"},{error_code:404,msg:"||2560"}]zfjyBBAA		2018-12-21 12:51:23
接受到的数据为：AABB006bf9e50668662a03525c270d8824aa5bhnzf00|123456|56788zfjyBBAA		2018-12-21 12:51:30
接受到的数据为：AABB01e5223c450cb838199e54081e5716ca9bhnzf[{error_code:404,msg:"|||0"},{error_code:404,msg:"||2560"}]zfjyBBAA		2018-12-21 12:51:32
接受到的数据为：AABB006bf9e50668662a03525c270d8824aa5bhnzf00|123456|56788zfjyBBAA		2018-12-21 12:51:39
接受到的数据为：AABB01e5223c450cb838199e54081e5716ca9bhnzf[{error_code:404,msg:"|||0"},{error_code:404,msg:"||2560"}]zfjyBBAA		2018-12-21 12:51:41
接受到的数据为：AABB006bf9e50668662a03525c270d8824aa5bhnzf00|123456|56788zfjyBBAA		2018-12-21 12:51:48
接受到的数据为：AABB01e5223c450cb838199e54081e5716ca9bhnzf[{error_code:404,msg:"|||0"},{error_code:404,msg:"||2560"}]zfjyBBAA		2018-12-21 12:51:50
接受到的数据为：AABB006bf9e50668662a03525c270d8824aa5bhnzf00|123456|56788zfjyBBAA		2018-12-21 12:51:57
接受到的数据为：AABB01e5223c450cb838199e54081e5716ca9bhnzf[{error_code:404,msg:"|||0"},{error_code:404,msg:"||2560"}]zfjyBBAA		2018-12-21 12:51:59
接受到的数据为：AABB006bf9e50668662a03525c270d8824aa5bhnzf00|123456|56788zfjyBBAA		2018-12-21 12:52:06
接受到的数据为：AABB01e5223c450cb838199e54081e5716ca9bhnzf[{error_code:404,msg:"|||0"},{error_code:404,msg:"||2560"}]zfjyBBAA		2018-12-21 12:52:08
接受到的数据为：AABB006bf9e50668662a03525c270d8824aa5bhnzf00|123456|56788zfjyBBAA		2018-12-21 12:52:16
接受到的数据为：AABB01e5223c450cb838199e54081e5716ca9bhnzf[{error_code:404,msg:"|||0"},{error_code:404,msg:"||2560"}]zfjyBBAA		2018-12-21 12:52:18
接受到的数据为：AABB006bf9e50668662a03525c270d8824aa5bhnzf00|123456|56788zfjyBBAA		2018-12-21 12:52:25
接受到的数据为：AABB01e5223c450cb838199e54081e5716ca9bhnzf[{error_code:404,msg:"|||0"},{error_code:404,msg:"||2560"}]zfjyBBAA		2018-12-21 12:52:27
接受到的数据为：AABB006bf9e50668662a03525c270d8824aa5bhnzf00|123456|56788zfjyBBAA		2018-12-21 12:52:34
接受到的数据为：AABB01e5223c450cb838199e54081e5716ca9bhnzf[{error_code:404,msg:"|||0"},{error_code:404,msg:"||2560"}]zfjyBBAA		2018-12-21 12:52:36
接受到的数据为：AABB006bf9e50668662a03525c270d8824aa5bhnzf00|123456|56788zfjyBBAA		2018-12-21 12:52:43
接受到的数据为：AABB01e5223c450cb838199e54081e5716ca9bhnzf[{error_code:404,msg:"|||0"},{error_code:404,msg:"||2560"}]zfjyBBAA		2018-12-21 12:52:45
接收用户发送信息时异常，原因  -------->  远程主机强迫关闭了一个现有的连接。		2018-12-21 12:52:50
接收用户发送信息时异常，原因  -------->  远程主机强迫关闭了一个现有的连接。		2018-12-21 12:52:50
接收用户发送信息时异常，原因  -------->  远程主机强迫关闭了一个现有的连接。		2018-12-21 12:52:50
接收用户发送信息时异常，原因  -------->  远程主机强迫关闭了一个现有的连接。		2018-12-21 12:52:50
接收用户发送信息时异常，原因  -------->  远程主机强迫关闭了一个现有的连接。		2018-12-21 12:52:50
接收用户发送信息时异常，原因  -------->  远程主机强迫关闭了一个现有的连接。		2018-12-21 12:52:50
接收用户发送信息时异常，原因  -------->  远程主机强迫关闭了一个现有的连接。		2018-12-21 12:52:50
接收用户发送信息时异常，原因  -------->  远程主机强迫关闭了一个现有的连接。		2018-12-21 12:52:50
接收用户发送信息时异常，原因  -------->  远程主机强迫关闭了一个现有的连接。		2018-12-21 12:52:50
接收用户发送信息时异常，原因  -------->  远程主机强迫关闭了一个现有的连接。		2018-12-21 12:52:50
接收用户发送信息时异常，原因  -------->  远程主机强迫关闭了一个现有的连接。		2018-12-21 12:52:50
接收用户发送信息时异常，原因  -------->  远程主机强迫关闭了一个现有的连接。		2018-12-21 12:52:50
接收用户发送信息时异常，原因  -------->  远程主机强迫关闭了一个现有的连接。		2018-12-21 12:52:50
接收用户发送信息时异常，原因  -------->  远程主机强迫关闭了一个现有的连接。		2018-12-21 12:52:50
接收用户发送信息时异常，原因  -------->  远程主机强迫关闭了一个现有的连接。		2018-12-21 12:52:50
接收用户发送信息时异常，原因  -------->  远程主机强迫关闭了一个现有的连接。		2018-12-21 12:52:50
接收用户发送信息时异常，原因  -------->  远程主机强迫关闭了一个现有的连接。		2018-12-21 12:52:50
接收用户发送信息时异常，原因  -------->  远程主机强迫关闭了一个现有的连接。		2018-12-21 12:52:50
接收用户发送信息时异常，原因  -------->  远程主机强迫关闭了一个现有的连接。		2018-12-21 12:52:50
接收用户发送信息时异常，原因  -------->  远程主机强迫关闭了一个现有的连接。		2018-12-21 12:52:50
接收用户发送信息时异常，原因  -------->  远程主机强迫关闭了一个现有的连接。		2018-12-21 12:52:50
接收用户发送信息时异常，原因  -------->  远程主机强迫关闭了一个现有的连接。		2018-12-21 12:52:50
接收用户发送信息时异常，原因  -------->  远程主机强迫关闭了一个现有的连接。		2018-12-21 12:52:50
接收用户发送信息时异常，原因  -------->  远程主机强迫关闭了一个现有的连接。		2018-12-21 12:52:50
接收用户发送信息时异常，原因  -------->  远程主机强迫关闭了一个现有的连接。		2018-12-21 12:52:50
接收用户发送信息时异常，原因  -------->  远程主机强迫关闭了一个现有的连接。		2018-12-21 12:52:50
接受到的数据为：AABB006bf9e50668662a03525c270d8824aa5bhnzf00|123456|56788zfjyBBAA		2018-12-21 13:03:14
接受到的数据为：AABB01a6718feaf8030c786892c520a4eb3ac8hnzf[{error_code:404,msg:"|||0"},{error_code:0,msg:"123456|56788|2570"}]zfjyBBAA		2018-12-21 13:03:16
接收用户发送信息时异常，原因  -------->  远程主机强迫关闭了一个现有的连接。		2018-12-21 13:03:22
接受到的数据为：AABB006bf9e50668662a03525c270d8824aa5bhnzf00|123456|56788zfjyBBAA		2018-12-21 13:03:24
接受到的数据为：AABB006bf9e50668662a03525c270d8824aa5bhnzf00|123456|56788zfjyBBAA		2018-12-21 13:03:33
接受到的数据为：AABB006bf9e50668662a03525c270d8824aa5bhnzf00|123456|56788zfjyBBAA		2018-12-21 13:03:42
接受到的数据为：AABB006bf9e50668662a03525c270d8824aa5bhnzf00|123456|56788zfjyBBAA		2018-12-21 13:03:51
接收用户发送信息时异常，原因  -------->  远程主机强迫关闭了一个现有的连接。		2018-12-21 13:03:59
接收用户发送信息时异常，原因  -------->  远程主机强迫关闭了一个现有的连接。		2018-12-21 13:03:59
接收用户发送信息时异常，原因  -------->  远程主机强迫关闭了一个现有的连接。		2018-12-21 13:03:59
接收用户发送信息时异常，原因  -------->  远程主机强迫关闭了一个现有的连接。		2018-12-21 13:03:59
接收用户发送信息时异常，原因  -------->  远程主机强迫关闭了一个现有的连接。		2018-12-21 13:03:59
接受到的数据为：AABB006bf9e50668662a03525c270d8824aa5bhnzf00|123456|56788zfjyBBAA		2018-12-21 13:16:00
接受到的数据为：AABB01173cc7c0b4cbe4876d0417bd8d6bf045hnzf[{error_code:404,msg:"|||0"},{error_code:0,msg:"123456|56788|10"}]zfjyBBAA		2018-12-21 13:16:02
接收用户发送信息时异常，原因  -------->  远程主机强迫关闭了一个现有的连接。		2018-12-21 13:16:09
接受到的数据为：AABB006bf9e50668662a03525c270d8824aa5bhnzf00|123456|56788zfjyBBAA		2018-12-21 13:18:17
接收用户发送信息时异常，原因  -------->  远程主机强迫关闭了一个现有的连接。		2018-12-21 13:34:38
接收用户发送信息时异常，原因  -------->  远程主机强迫关闭了一个现有的连接。		2018-12-21 13:34:38
socket选择器注册出现错误：null		2018-12-21 13:38:41
socket选择器注册出现错误：null		2018-12-21 13:38:41
socket选择器注册出现错误：null		2018-12-21 13:38:41
接受到的数据为：AABB006bf9e50668662a03525c270d8824aa5bhnzf00|123456|56788zfjyBBAA		2018-12-21 13:39:15
接受到的数据为：AABB01173cc7c0b4cbe4876d0417bd8d6bf045hnzf[{error_code:404,msg:"|||0"},{error_code:0,msg:"123456|56788|10"}]zfjyBBAA		2018-12-21 13:43:14
接收用户发送信息时异常，原因  -------->  远程主机强迫关闭了一个现有的连接。		2018-12-21 13:45:17
接收用户发送信息时异常，原因  -------->  远程主机强迫关闭了一个现有的连接。		2018-12-21 13:45:17
接受到的数据为：AABB006bf9e50668662a03525c270d8824aa5bhnzf00|123456|56788zfjyBBAA		2018-12-21 13:45:44
接受到的数据为：AABB006bf9e50668662a03525c270d8824aa5bhnzf00|123456|56788zfjyBBAA		2018-12-21 13:48:11
接收用户发送信息时异常，原因  -------->  远程主机强迫关闭了一个现有的连接。		2018-12-21 13:48:12
接受到的数据为：AABB01173cc7c0b4cbe4876d0417bd8d6bf045hnzf[{error_code:404,msg:"|||0"},{error_code:0,msg:"123456|56788|10"}]zfjyBBAA		2018-12-21 13:48:13
接收用户发送信息时异常，原因  -------->  远程主机强迫关闭了一个现有的连接。		2018-12-21 13:50:31
接收用户发送信息时异常，原因  -------->  远程主机强迫关闭了一个现有的连接。		2018-12-21 13:50:31
接受到的数据为：AABB006bf9e50668662a03525c270d8824aa5bhnzf00|123456|56788zfjyBBAA		2018-12-21 13:51:19
接受到的数据为：AABB01173cc7c0b4cbe4876d0417bd8d6bf045hnzf[{error_code:404,msg:"|||0"},{error_code:0,msg:"123456|56788|10"}]zfjyBBAA		2018-12-21 13:51:21
接收用户发送信息时异常，原因  -------->  远程主机强迫关闭了一个现有的连接。		2018-12-21 13:51:28
接受到的数据为：AABB006bf9e50668662a03525c270d8824aa5bhnzf00|123456|56788zfjyBBAA		2018-12-21 13:51:48
接收用户发送信息时异常，原因  -------->  远程主机强迫关闭了一个现有的连接。		2018-12-21 14:02:34
接收用户发送信息时异常，原因  -------->  远程主机强迫关闭了一个现有的连接。		2018-12-21 14:02:34
接受到的数据为：AABB006bf9e50668662a03525c270d8824aa5bhnzf00|123456|56788zfjyBBAA		2018-12-21 14:03:13
接受到的数据为：AABB006bf9e50668662a03525c270d8824aa5bhnzf00|123456|56788zfjyBBAA		2018-12-21 14:03:16
接收用户发送信息时异常，原因  -------->  远程主机强迫关闭了一个现有的连接。		2018-12-21 14:03:17
接收用户发送信息时异常，原因  -------->  远程主机强迫关闭了一个现有的连接。		2018-12-21 14:03:17
接受到的数据为：AABB006bf9e50668662a03525c270d8824aa5bhnzf00|123456|56788zfjyBBAA		2018-12-21 14:03:19
接受到的数据为：AABB006bf9e50668662a03525c270d8824aa5bhnzf00|123456|56788zfjyBBAA		2018-12-21 14:03:21
接受到的数据为：AABB006bf9e50668662a03525c270d8824aa5bhnzf00|123456|56788zfjyBBAA		2018-12-21 14:03:24
接受到的数据为：AABB006bf9e50668662a03525c270d8824aa5bhnzf00|123456|56788zfjyBBAA		2018-12-21 14:03:26
接受到的数据为：AABB006bf9e50668662a03525c270d8824aa5bhnzf00|123456|56788zfjyBBAA		2018-12-21 14:03:28
接受到的数据为：AABB006bf9e50668662a03525c270d8824aa5bhnzf00|123456|56788zfjyBBAA		2018-12-21 14:03:30
接受到的数据为：AABB006bf9e50668662a03525c270d8824aa5bhnzf00|123456|56788zfjyBBAA		2018-12-21 14:03:32
接受到的数据为：AABB006bf9e50668662a03525c270d8824aa5bhnzf00|123456|56788zfjyBBAA		2018-12-21 14:03:34
接受到的数据为：AABB006bf9e50668662a03525c270d8824aa5bhnzf00|123456|56788zfjyBBAA		2018-12-21 14:03:36
接受到的数据为：AABB006bf9e50668662a03525c270d8824aa5bhnzf00|123456|56788zfjyBBAA		2018-12-21 14:03:38
接受到的数据为：AABB006bf9e50668662a03525c270d8824aa5bhnzf00|123456|56788zfjyBBAA		2018-12-21 14:03:40
接受到的数据为：AABB006bf9e50668662a03525c270d8824aa5bhnzf00|123456|56788zfjyBBAA		2018-12-21 14:03:42
接受到的数据为：AABB006bf9e50668662a03525c270d8824aa5bhnzf00|123456|56788zfjyBBAA		2018-12-21 14:03:44
接收用户发送信息时异常，原因  -------->  远程主机强迫关闭了一个现有的连接。		2018-12-21 14:03:45
接收用户发送信息时异常，原因  -------->  远程主机强迫关闭了一个现有的连接。		2018-12-21 14:03:45
接收用户发送信息时异常，原因  -------->  远程主机强迫关闭了一个现有的连接。		2018-12-21 14:03:45
接收用户发送信息时异常，原因  -------->  远程主机强迫关闭了一个现有的连接。		2018-12-21 14:03:45
接收用户发送信息时异常，原因  -------->  远程主机强迫关闭了一个现有的连接。		2018-12-21 14:03:45
接收用户发送信息时异常，原因  -------->  远程主机强迫关闭了一个现有的连接。		2018-12-21 14:03:45
接收用户发送信息时异常，原因  -------->  远程主机强迫关闭了一个现有的连接。		2018-12-21 14:03:45
接收用户发送信息时异常，原因  -------->  远程主机强迫关闭了一个现有的连接。		2018-12-21 14:03:45
接收用户发送信息时异常，原因  -------->  远程主机强迫关闭了一个现有的连接。		2018-12-21 14:03:45
接收用户发送信息时异常，原因  -------->  远程主机强迫关闭了一个现有的连接。		2018-12-21 14:03:45
接收用户发送信息时异常，原因  -------->  远程主机强迫关闭了一个现有的连接。		2018-12-21 14:03:45
接收用户发送信息时异常，原因  -------->  远程主机强迫关闭了一个现有的连接。		2018-12-21 14:03:45
接受到的数据为：AABB006bf9e50668662a03525c270d8824aa5bhnzf00|123456|56788zfjyBBAA		2018-12-21 14:03:46
接受到的数据为：AABB006bf9e50668662a03525c270d8824aa5bhnzf00|123456|56788zfjyBBAA		2018-12-21 14:03:48
接受到的数据为：AABB006bf9e50668662a03525c270d8824aa5bhnzf00|123456|56788zfjyBBAA		2018-12-21 14:03:50
接受到的数据为：AABB006bf9e50668662a03525c270d8824aa5bhnzf00|123456|56788zfjyBBAA		2018-12-21 14:03:52
接受到的数据为：AABB006bf9e50668662a03525c270d8824aa5bhnzf00|123456|56788zfjyBBAA		2018-12-21 14:03:54
接收用户发送信息时异常，原因  -------->  远程主机强迫关闭了一个现有的连接。		2018-12-21 14:03:55
接收用户发送信息时异常，原因  -------->  远程主机强迫关闭了一个现有的连接。		2018-12-21 14:03:55
接收用户发送信息时异常，原因  -------->  远程主机强迫关闭了一个现有的连接。		2018-12-21 14:03:55
接收用户发送信息时异常，原因  -------->  远程主机强迫关闭了一个现有的连接。		2018-12-21 14:03:55
接收用户发送信息时异常，原因  -------->  远程主机强迫关闭了一个现有的连接。		2018-12-21 14:03:55
接收用户发送信息时异常，原因  -------->  远程主机强迫关闭了一个现有的连接。		2018-12-21 14:03:55
接受到的数据为：AABB006bf9e50668662a03525c270d8824aa5bhnzf00|123456|56788zfjyBBAA		2018-12-21 14:09:01
接收用户发送信息时异常，原因  -------->  远程主机强迫关闭了一个现有的连接。		2018-12-21 14:09:02
接受到的数据为：AABB006bf9e50668662a03525c270d8824aa5bhnzf00|123456|56788zfjyBBAA		2018-12-21 14:10:38
接受到的数据为：AABB006bf9e50668662a03525c270d8824aa5bhnzf00|123456|56788zfjyBBAA		2018-12-21 14:10:50
接收用户发送信息时异常，原因  -------->  远程主机强迫关闭了一个现有的连接。		2018-12-21 14:35:28
接收用户发送信息时异常，原因  -------->  远程主机强迫关闭了一个现有的连接。		2018-12-21 14:35:28
接受到的数据为：AABB006bf9e50668662a03525c270d8824aa5bhnzf00|123456|56788zfjyBBAA		2018-12-21 15:20:42
接受到的数据为：AABB006bf9e50668662a03525c270d8824aa5bhnzf00|123456|56788zfjyBBAA		2018-12-21 15:21:03
接收用户发送信息时异常，原因  -------->  远程主机强迫关闭了一个现有的连接。		2018-12-21 15:21:21
接收用户发送信息时异常，原因  -------->  远程主机强迫关闭了一个现有的连接。		2018-12-21 15:21:21
接受到的数据为：AABB006bf9e50668662a03525c270d8824aa5bhnzf00|123456|56788zfjyBBAA		2018-12-21 15:23:26
接受到的数据为：AABB006bf9e50668662a03525c270d8824aa5bhnzf00|123456|56788zfjyBBAA		2018-12-21 15:24:01
接受到的数据为：AABB0172dd3035a0af74c8119b299e805fd84bhnzf[{error_code:404,msg:"|||0"},{error_code:0,msg:"123456|56788|20"}]zfjyBBAA		2018-12-21 15:24:03
接收用户发送信息时异常，原因  -------->  远程主机强迫关闭了一个现有的连接。		2018-12-21 15:30:27
接收用户发送信息时异常，原因  -------->  远程主机强迫关闭了一个现有的连接。		2018-12-21 15:30:27
接收用户发送信息时异常，原因  -------->  远程主机强迫关闭了一个现有的连接。		2018-12-21 15:34:47
接受到的数据为：AABB006bf9e50668662a03525c270d8824aa5bhnzf00|123456|56788zfjyBBAA		2018-12-21 15:36:42
接收用户发送信息时异常，原因  -------->  远程主机强迫关闭了一个现有的连接。		2018-12-21 15:37:00
接受到的数据为：AABB006bf9e50668662a03525c270d8824aa5bhnzf00|123456|56788zfjyBBAA		2018-12-21 15:39:58
接受到的数据为：AABB006bf9e50668662a03525c270d8824aa5bhnzf00|123456|56788zfjyBBAA		2018-12-21 16:03:17
